<?xml version="1.0" encoding="UTF-8"?>
<!-- Generated by org.testng.reporters.JUnitReportReporter -->
<testsuite hostname="VinothR" failures="0" tests="5" name="com.automation.registerdemoflow.RegisterDemoFlow" time="12.880" errors="0" timestamp="2024-11-08T09:26:36 IST" skipped="0">
  <testcase classname="com.automation.registerdemoflow.RegisterDemoFlow" name="launchApplication" time="5.292"/>
  <testcase classname="com.automation.registerdemoflow.RegisterDemoFlow" name="navigationToRegisterPage" time="1.334"/>
  <testcase classname="com.automation.registerdemoflow.RegisterDemoFlow" name="registerUser" time="6.014"/>
  <testcase classname="com.automation.registerdemoflow.RegisterDemoFlow" name="verifySuccessfulMessage" time="0.050"/>
  <testcase classname="com.automation.registerdemoflow.RegisterDemoFlow" name="closeApplicaton" time="0.190"/>
</testsuite> <!-- com.automation.registerdemoflow.RegisterDemoFlow -->
