<?xml version="1.0" encoding="UTF-8"?>
<!-- Generated by org.testng.reporters.JUnitReportReporter -->
<testsuite hostname="VinothR" failures="0" tests="5" name="com.automation.registerdemoflow.RegisterDemoFlow" time="14.680" errors="0" timestamp="2024-11-08T09:35:37 IST" skipped="0">
  <testcase classname="com.automation.registerdemoflow.RegisterDemoFlow" name="launchApplication" time="5.770"/>
  <testcase classname="com.automation.registerdemoflow.RegisterDemoFlow" name="navigationToRegisterPage" time="2.130"/>
  <testcase classname="com.automation.registerdemoflow.RegisterDemoFlow" name="registerUser" time="6.491"/>
  <testcase classname="com.automation.registerdemoflow.RegisterDemoFlow" name="verifySuccessfulMessage" time="0.059"/>
  <testcase classname="com.automation.registerdemoflow.RegisterDemoFlow" name="closeApplicaton" time="0.230"/>
</testsuite> <!-- com.automation.registerdemoflow.RegisterDemoFlow -->
